0 info it worked if it ends with ok
1 verbose cli [
1 verbose cli   'C:\\Program Files\\nodejs\\node.exe',
1 verbose cli   'C:\\Program Files\\nodejs\\node_modules\\npm\\bin\\npm-cli.js',
1 verbose cli   'start'
1 verbose cli ]
2 info using npm@6.13.4
3 info using node@v12.16.0
4 verbose stack Error: ENOENT: no such file or directory, open 'D:\apartment-hunt\package.json'
5 verbose cwd D:\apartment-hunt
6 verbose Windows_NT 10.0.19041
7 verbose argv "C:\\Program Files\\nodejs\\node.exe" "C:\\Program Files\\nodejs\\node_modules\\npm\\bin\\npm-cli.js" "start"
8 verbose node v12.16.0
9 verbose npm  v6.13.4
10 error code ENOENT
11 error syscall open
12 error path D:\apartment-hunt\package.json
13 error errno -4058
14 error enoent ENOENT: no such file or directory, open 'D:\apartment-hunt\package.json'
15 error enoent This is related to npm not being able to find a file.
16 verbose exit [ -4058, true ]
