0 info it worked if it ends with ok
1 verbose cli [
1 verbose cli   'C:\\Program Files\\nodejs\\node.exe',
1 verbose cli   'C:\\Program Files\\nodejs\\node_modules\\npm\\bin\\npm-cli.js',
1 verbose cli   'i',
1 verbose cli   '--save',
1 verbose cli   '@fortawesome/fontawesome-svg-core'
1 verbose cli ]
2 info using npm@6.13.4
3 info using node@v12.16.0
4 verbose npm-session 61c18b820439cb74
5 silly install loadCurrentTree
6 silly install readLocalPackageData
7 silly fetchPackageMetaData error for @fortawesome/fontawesome-svg-core@latest request to https://registry.npmjs.org/@fortawesome%2ffontawesome-svg-core failed, reason: getaddrinfo ENOTFOUND registry.npmjs.org
8 timing stage:rollbackFailedOptional Completed in 1ms
9 timing stage:runTopLevelLifecycles Completed in 1931ms
10 verbose type system
11 verbose stack FetchError: request to https://registry.npmjs.org/@fortawesome%2ffontawesome-svg-core failed, reason: getaddrinfo ENOTFOUND registry.npmjs.org
11 verbose stack     at ClientRequest.<anonymous> (C:\Program Files\nodejs\node_modules\npm\node_modules\node-fetch-npm\src\index.js:68:14)
11 verbose stack     at ClientRequest.emit (events.js:321:20)
11 verbose stack     at TLSSocket.socketErrorListener (_http_client.js:426:9)
11 verbose stack     at TLSSocket.emit (events.js:321:20)
11 verbose stack     at emitErrorNT (internal/streams/destroy.js:92:8)
11 verbose stack     at emitErrorAndCloseNT (internal/streams/destroy.js:60:3)
11 verbose stack     at processTicksAndRejections (internal/process/task_queues.js:84:21)
12 verbose cwd D:\apartment-hunt\client-side
13 verbose Windows_NT 10.0.19041
14 verbose argv "C:\\Program Files\\nodejs\\node.exe" "C:\\Program Files\\nodejs\\node_modules\\npm\\bin\\npm-cli.js" "i" "--save" "@fortawesome/fontawesome-svg-core"
15 verbose node v12.16.0
16 verbose npm  v6.13.4
17 error code ENOTFOUND
18 error errno ENOTFOUND
19 error network request to https://registry.npmjs.org/@fortawesome%2ffontawesome-svg-core failed, reason: getaddrinfo ENOTFOUND registry.npmjs.org
20 error network This is a problem related to network connectivity.
20 error network In most cases you are behind a proxy or have bad network settings.
20 error network
20 error network If you are behind a proxy, please make sure that the
20 error network 'proxy' config is set properly.  See: 'npm help config'
21 verbose exit [ 1, true ]
